<?xml version="1.0" encoding="UTF-8"?>
<testsuite xmlns:xsi="http://www.w3.org/2001/XMLSchema-instance" xsi:noNamespaceSchemaLocation="https://maven.apache.org/surefire/maven-surefire-plugin/xsd/surefire-test-report-3.0.xsd" version="3.0" name="org.Pages.Dashboard.OverviewAPITest" time="2.528" tests="6" errors="0" skipped="0" failures="0">
  <properties>
[...]
</properties>
  <testcase name="testCustomersUniqueAPIRepeat" classname="org.Pages.Dashboard.OverviewAPITest" time="0.447">
    <system-out><![CDATA[✅ Logged in successfully, token acquired.
✅ Success [https://pay-app-oilbv.ondigitalocean.app/api/v1/analytics/customers/unique?type=all&startDate=2025-10-20T10:11:52.892Z&endDate=2025-10-27T10:11:52.892Z] -> 200
]]></system-out>
  </testcase>
  <testcase name="testCurrenciesSuccessAPI" classname="org.Pages.Dashboard.OverviewAPITest" time="0.427">
    <system-out><![CDATA[✅ Logged in successfully, token acquired.
✅ Success [https://pay-app-oilbv.ondigitalocean.app/api/v1/analytics/currencies/successful-transactions?type=all&startDate=2025-10-20T10:11:52.892Z&endDate=2025-10-27T10:11:52.892Z] -> 200
]]></system-out>
  </testcase>
  <testcase name="testStatusCountsAPI" classname="org.Pages.Dashboard.OverviewAPITest" time="0.43">
    <system-out><![CDATA[✅ Logged in successfully, token acquired.
✅ Success [https://pay-app-oilbv.ondigitalocean.app/api/v1/analytics/status-counts?type=all&startDate=2025-10-20T10:11:52.892Z&endDate=2025-10-27T10:11:52.892Z] -> 200
]]></system-out>
  </testcase>
  <testcase name="testLocaleFile" classname="org.Pages.Dashboard.OverviewAPITest" time="0.485">
    <system-out><![CDATA[✅ Logged in successfully, token acquired.
✅ Success [https://pay-web-ntwda.ondigitalocean.app/assets/locale/en-US.json] -> 200
]]></system-out>
  </testcase>
  <testcase name="testCurrenciesSuccessAPIRepeat" classname="org.Pages.Dashboard.OverviewAPITest" time="0.321">
    <system-out><![CDATA[✅ Logged in successfully, token acquired.
✅ Success [https://pay-app-oilbv.ondigitalocean.app/api/v1/analytics/currencies/successful-transactions?type=all&startDate=2025-10-20T10:11:52.892Z&endDate=2025-10-27T10:11:52.892Z] -> 200
]]></system-out>
  </testcase>
  <testcase name="testCustomersUniqueAPI" classname="org.Pages.Dashboard.OverviewAPITest" time="0.417">
    <system-out><![CDATA[✅ Logged in successfully, token acquired.
✅ Success [https://pay-app-oilbv.ondigitalocean.app/api/v1/analytics/customers/unique?type=all&startDate=2025-10-20T10:11:52.892Z&endDate=2025-10-27T10:11:52.892Z] -> 200
]]></system-out>
  </testcase>
</testsuite>